<?xml version="1.0" encoding="UTF-8"?>
<!-- Generated by org.testng.reporters.JUnitXMLReporter -->
<testsuite hostname="P2C-1SXS6C2" name="Default test" tests="2" failures="0" timestamp="14 Mar 2019 11:38:03 GMT" time="70.693" errors="0">
  <testcase name="ChangeTalentFlagsPageDialogTitleTest" time="1.957" classname="automationtesting1_Test.ScoreBoardPageTest"/>
  <testcase name="SelectDiffrentTalentOptionTest" time="0.003" classname="automationtesting1_Test.ScoreBoardPageTest"/>
</testsuite> <!-- Default test -->
