<?xml version="1.0" encoding="UTF-8"?>
<testng-results skipped="0" failed="0" total="2" passed="2">
  <reporter-output>
  </reporter-output>
  <suite name="Default suite" duration-ms="70693" started-at="2019-03-14T11:36:52Z" finished-at="2019-03-14T11:38:03Z">
    <groups>
    </groups>
    <test name="Default test" duration-ms="70693" started-at="2019-03-14T11:36:52Z" finished-at="2019-03-14T11:38:03Z">
      <class name="automationtesting1_Test.ScoreBoardPageTest">
        <test-method status="PASS" signature="Setup()[pri:0, instance:automationtesting1_Test.ScoreBoardPageTest@f5958c9]" name="Setup" is-config="true" duration-ms="34535" started-at="2019-03-14T17:06:52Z" finished-at="2019-03-14T17:07:27Z">
          <reporter-output>
          </reporter-output>
        </test-method> <!-- Setup -->
        <test-method status="PASS" signature="ChangeTalentFlagsPageDialogTitleTest()[pri:1, instance:automationtesting1_Test.ScoreBoardPageTest@f5958c9]" name="ChangeTalentFlagsPageDialogTitleTest" duration-ms="1957" started-at="2019-03-14T17:07:27Z" finished-at="2019-03-14T17:07:29Z">
          <reporter-output>
          </reporter-output>
        </test-method> <!-- ChangeTalentFlagsPageDialogTitleTest -->
        <test-method status="PASS" signature="TearDown()[pri:0, instance:automationtesting1_Test.ScoreBoardPageTest@f5958c9]" name="TearDown" is-config="true" duration-ms="922" started-at="2019-03-14T17:07:29Z" finished-at="2019-03-14T17:07:30Z">
          <reporter-output>
          </reporter-output>
        </test-method> <!-- TearDown -->
        <test-method status="PASS" signature="Setup()[pri:0, instance:automationtesting1_Test.ScoreBoardPageTest@f5958c9]" name="Setup" is-config="true" duration-ms="32329" started-at="2019-03-14T17:07:30Z" finished-at="2019-03-14T17:08:02Z">
          <reporter-output>
          </reporter-output>
        </test-method> <!-- Setup -->
        <test-method status="PASS" signature="SelectDiffrentTalentOptionTest()[pri:2, instance:automationtesting1_Test.ScoreBoardPageTest@f5958c9]" name="SelectDiffrentTalentOptionTest" duration-ms="3" started-at="2019-03-14T17:08:02Z" finished-at="2019-03-14T17:08:02Z">
          <reporter-output>
          </reporter-output>
        </test-method> <!-- SelectDiffrentTalentOptionTest -->
        <test-method status="PASS" signature="TearDown()[pri:0, instance:automationtesting1_Test.ScoreBoardPageTest@f5958c9]" name="TearDown" is-config="true" duration-ms="918" started-at="2019-03-14T17:08:02Z" finished-at="2019-03-14T17:08:03Z">
          <reporter-output>
          </reporter-output>
        </test-method> <!-- TearDown -->
      </class> <!-- automationtesting1_Test.ScoreBoardPageTest -->
    </test> <!-- Default test -->
  </suite> <!-- Default suite -->
</testng-results>
